<?xml version="1.0" encoding="UTF-8"?>
<testng-results ignored="0" total="3" passed="3" failed="0" skipped="0">
  <reporter-output>
  </reporter-output>
  <suite started-at="2022-09-29T22:14:44 IST" name="Suite" finished-at="2022-09-29T22:14:54 IST" duration-ms="10078">
    <groups>
    </groups>
    <test started-at="2022-09-29T22:14:44 IST" name="Test" finished-at="2022-09-29T22:14:54 IST" duration-ms="10078">
      <class name="Test.HomePageTest">
        <test-method is-config="true" signature="start(java.lang.String,java.lang.String)[pri:0, instance:Test.HomePageTest@5e600dd5]" started-at="2022-09-29T22:14:07 IST" name="start" finished-at="2022-09-29T22:14:44 IST" duration-ms="36509" status="PASS">
          <params>
            <param index="0">
              <value>
                <![CDATA[chrome]]>
              </value>
            </param>
            <param index="1">
              <value>
                <![CDATA[https://medisolve.co.in/]]>
              </value>
            </param>
          </params>
          <reporter-output>
          </reporter-output>
        </test-method> <!-- start -->
        <test-method is-config="true" signature="initObjs()[pri:0, instance:Test.HomePageTest@5e600dd5]" started-at="2022-09-29T22:14:44 IST" name="initObjs" finished-at="2022-09-29T22:14:44 IST" duration-ms="64" status="PASS">
          <reporter-output>
          </reporter-output>
        </test-method> <!-- initObjs -->
        <test-method signature="urlTest()[pri:1, instance:Test.HomePageTest@5e600dd5]" started-at="2022-09-29T22:14:44 IST" name="urlTest" finished-at="2022-09-29T22:14:46 IST" duration-ms="1513" status="PASS">
          <reporter-output>
          </reporter-output>
        </test-method> <!-- urlTest -->
        <test-method signature="logoTest()[pri:2, instance:Test.HomePageTest@5e600dd5]" started-at="2022-09-29T22:14:46 IST" name="logoTest" finished-at="2022-09-29T22:14:46 IST" duration-ms="495" status="PASS">
          <reporter-output>
          </reporter-output>
        </test-method> <!-- logoTest -->
        <test-method signature="searchFieldTest()[pri:3, instance:Test.HomePageTest@5e600dd5]" started-at="2022-09-29T22:14:46 IST" name="searchFieldTest" finished-at="2022-09-29T22:14:54 IST" duration-ms="7594" status="PASS">
          <reporter-output>
          </reporter-output>
        </test-method> <!-- searchFieldTest -->
        <test-method is-config="true" signature="closeBrowser()[pri:0, instance:Test.HomePageTest@5e600dd5]" started-at="2022-09-29T22:14:54 IST" name="closeBrowser" finished-at="2022-09-29T22:14:54 IST" duration-ms="326" status="PASS">
          <reporter-output>
          </reporter-output>
        </test-method> <!-- closeBrowser -->
      </class> <!-- Test.HomePageTest -->
    </test> <!-- Test -->
  </suite> <!-- Suite -->
</testng-results>
